[ 2015-04-22T09:39:16+08:00 ] 10.0.2.2 /
INFO: [ app_begin ] --START--
INFO: ReadHtmlCache Behavior ::run [ RunTime:0.000235s ]
INFO: [ app_begin ] --END-- [ RunTime:0.000387s ]
NOTIC: [8] Undefined index: keywords /home/wwwroot/elastic.com/Lib/Action/IndexAction.class.php 第 6 行.
INFO: [ view_parse ] --START--
NOTIC: [8] Undefined variable: list /home/wwwroot/elastic.com/Runtime/Cache/39e10af1a53b7620ca57c85edb1a98f6.php 第 43 行.
INFO: ParseTemplate Behavior ::run [ RunTime:0.057672s ]
INFO: [ view_parse ] --END-- [ RunTime:0.057721s ]
INFO: [ view_filter ] --START--
INFO: ContentReplace Behavior ::run [ RunTime:0.000487s ]
INFO: TokenBuild Behavior ::run [ RunTime:0.000435s ]
INFO: WriteHtmlCache Behavior ::run [ RunTime:0.000413s ]
INFO: ShowRuntime Behavior ::run [ RunTime:0.000467s ]
INFO: [ view_filter ] --END-- [ RunTime:0.001903s ]
INFO: [ view_end ] --START--
INFO: ShowPageTrace Behavior ::run [ RunTime:0.000454s ]
INFO: [ view_end ] --END-- [ RunTime:0.000489s ]

[ 2015-04-22T09:39:23+08:00 ] 10.0.2.2 /index.php?keywords=d
INFO: [ app_begin ] --START--
INFO: ReadHtmlCache Behavior ::run [ RunTime:0.000210s ]
INFO: [ app_begin ] --END-- [ RunTime:0.000283s ]
INFO: [ view_parse ] --START--
NOTIC: [8] Undefined index: title /home/wwwroot/elastic.com/Runtime/Cache/39e10af1a53b7620ca57c85edb1a98f6.php 第 43 行.
NOTIC: [8] Undefined index: title /home/wwwroot/elastic.com/Runtime/Cache/39e10af1a53b7620ca57c85edb1a98f6.php 第 43 行.
NOTIC: [8] Undefined index: title /home/wwwroot/elastic.com/Runtime/Cache/39e10af1a53b7620ca57c85edb1a98f6.php 第 43 行.
NOTIC: [8] Undefined index: title /home/wwwroot/elastic.com/Runtime/Cache/39e10af1a53b7620ca57c85edb1a98f6.php 第 43 行.
NOTIC: [8] Undefined index: title /home/wwwroot/elastic.com/Runtime/Cache/39e10af1a53b7620ca57c85edb1a98f6.php 第 43 行.
NOTIC: [8] Undefined index: title /home/wwwroot/elastic.com/Runtime/Cache/39e10af1a53b7620ca57c85edb1a98f6.php 第 43 行.
NOTIC: [8] Undefined index: title /home/wwwroot/elastic.com/Runtime/Cache/39e10af1a53b7620ca57c85edb1a98f6.php 第 43 行.
NOTIC: [8] Undefined index: title /home/wwwroot/elastic.com/Runtime/Cache/39e10af1a53b7620ca57c85edb1a98f6.php 第 43 行.
NOTIC: [8] Undefined index: title /home/wwwroot/elastic.com/Runtime/Cache/39e10af1a53b7620ca57c85edb1a98f6.php 第 43 行.
NOTIC: [8] Undefined index: title /home/wwwroot/elastic.com/Runtime/Cache/39e10af1a53b7620ca57c85edb1a98f6.php 第 43 行.
INFO: ParseTemplate Behavior ::run [ RunTime:0.004406s ]
INFO: [ view_parse ] --END-- [ RunTime:0.004454s ]
INFO: [ view_filter ] --START--
INFO: ContentReplace Behavior ::run [ RunTime:0.000261s ]
INFO: TokenBuild Behavior ::run [ RunTime:0.000220s ]
INFO: WriteHtmlCache Behavior ::run [ RunTime:0.000185s ]
INFO: ShowRuntime Behavior ::run [ RunTime:0.000246s ]
INFO: [ view_filter ] --END-- [ RunTime:0.001002s ]
NOTIC: [2] Cannot modify header information - headers already sent by (output started at /home/wwwroot/elastic.com/ThinkPHP/Common/functions.php:97) /home/wwwroot/elastic.com/ThinkPHP/Lib/Core/View.class.php 第 95 行.
NOTIC: [2] Cannot modify header information - headers already sent by (output started at /home/wwwroot/elastic.com/ThinkPHP/Common/functions.php:97) /home/wwwroot/elastic.com/ThinkPHP/Lib/Core/View.class.php 第 96 行.
NOTIC: [2] Cannot modify header information - headers already sent by (output started at /home/wwwroot/elastic.com/ThinkPHP/Common/functions.php:97) /home/wwwroot/elastic.com/ThinkPHP/Lib/Core/View.class.php 第 97 行.
INFO: [ view_end ] --START--
INFO: ShowPageTrace Behavior ::run [ RunTime:0.000857s ]
INFO: [ view_end ] --END-- [ RunTime:0.000929s ]

[ 2015-04-22T09:40:26+08:00 ] 10.0.2.2 /index.php?keywords=d
INFO: [ app_begin ] --START--
INFO: ReadHtmlCache Behavior ::run [ RunTime:0.000809s ]
INFO: [ app_begin ] --END-- [ RunTime:0.000890s ]
INFO: [ view_parse ] --START--
INFO: ParseTemplate Behavior ::run [ RunTime:0.004597s ]
INFO: [ view_parse ] --END-- [ RunTime:0.004628s ]
INFO: [ view_filter ] --START--
INFO: ContentReplace Behavior ::run [ RunTime:0.000265s ]
INFO: TokenBuild Behavior ::run [ RunTime:0.000236s ]
INFO: WriteHtmlCache Behavior ::run [ RunTime:0.000199s ]
INFO: ShowRuntime Behavior ::run [ RunTime:0.000258s ]
INFO: [ view_filter ] --END-- [ RunTime:0.001056s ]
INFO: [ view_end ] --START--
INFO: ShowPageTrace Behavior ::run [ RunTime:0.000068s ]
INFO: [ view_end ] --END-- [ RunTime:0.000117s ]

[ 2015-04-22T09:40:49+08:00 ] 10.0.2.2 /index.php?keywords=%E5%88%98%E5%BE%B7%E5%8D%8E
INFO: [ app_begin ] --START--
INFO: ReadHtmlCache Behavior ::run [ RunTime:0.000204s ]
INFO: [ app_begin ] --END-- [ RunTime:0.000282s ]
INFO: [ view_parse ] --START--
INFO: ParseTemplate Behavior ::run [ RunTime:0.004309s ]
INFO: [ view_parse ] --END-- [ RunTime:0.004365s ]
INFO: [ view_filter ] --START--
INFO: ContentReplace Behavior ::run [ RunTime:0.000233s ]
INFO: TokenBuild Behavior ::run [ RunTime:0.000231s ]
INFO: WriteHtmlCache Behavior ::run [ RunTime:0.000192s ]
INFO: ShowRuntime Behavior ::run [ RunTime:0.000266s ]
INFO: [ view_filter ] --END-- [ RunTime:0.001167s ]
INFO: [ view_end ] --START--
INFO: ShowPageTrace Behavior ::run [ RunTime:0.000293s ]
INFO: [ view_end ] --END-- [ RunTime:0.000332s ]

[ 2015-04-22T09:49:35+08:00 ] 10.0.2.2 /index.php?keywords=%E5%88%98%E5%BE%B7%E5%8D%8E
INFO: [ app_begin ] --START--
INFO: ReadHtmlCache Behavior ::run [ RunTime:0.000182s ]
INFO: [ app_begin ] --END-- [ RunTime:0.000229s ]
INFO: [ view_parse ] --START--
NOTIC: [8] Undefined index: coversrc /home/wwwroot/elastic.com/Runtime/Cache/39e10af1a53b7620ca57c85edb1a98f6.php 第 45 行.
NOTIC: [8] Undefined index: title /home/wwwroot/elastic.com/Runtime/Cache/39e10af1a53b7620ca57c85edb1a98f6.php 第 45 行.
NOTIC: [8] Undefined index: title /home/wwwroot/elastic.com/Runtime/Cache/39e10af1a53b7620ca57c85edb1a98f6.php 第 49 行.
NOTIC: [8] Undefined index: coversrc /home/wwwroot/elastic.com/Runtime/Cache/39e10af1a53b7620ca57c85edb1a98f6.php 第 45 行.
NOTIC: [8] Undefined index: title /home/wwwroot/elastic.com/Runtime/Cache/39e10af1a53b7620ca57c85edb1a98f6.php 第 45 行.
NOTIC: [8] Undefined index: title /home/wwwroot/elastic.com/Runtime/Cache/39e10af1a53b7620ca57c85edb1a98f6.php 第 49 行.
NOTIC: [8] Undefined index: coversrc /home/wwwroot/elastic.com/Runtime/Cache/39e10af1a53b7620ca57c85edb1a98f6.php 第 45 行.
NOTIC: [8] Undefined index: title /home/wwwroot/elastic.com/Runtime/Cache/39e10af1a53b7620ca57c85edb1a98f6.php 第 45 行.
NOTIC: [8] Undefined index: title /home/wwwroot/elastic.com/Runtime/Cache/39e10af1a53b7620ca57c85edb1a98f6.php 第 49 行.
NOTIC: [8] Undefined index: coversrc /home/wwwroot/elastic.com/Runtime/Cache/39e10af1a53b7620ca57c85edb1a98f6.php 第 45 行.
NOTIC: [8] Undefined index: title /home/wwwroot/elastic.com/Runtime/Cache/39e10af1a53b7620ca57c85edb1a98f6.php 第 45 行.
NOTIC: [8] Undefined index: title /home/wwwroot/elastic.com/Runtime/Cache/39e10af1a53b7620ca57c85edb1a98f6.php 第 49 行.
NOTIC: [8] Undefined index: coversrc /home/wwwroot/elastic.com/Runtime/Cache/39e10af1a53b7620ca57c85edb1a98f6.php 第 45 行.
NOTIC: [8] Undefined index: title /home/wwwroot/elastic.com/Runtime/Cache/39e10af1a53b7620ca57c85edb1a98f6.php 第 45 行.
NOTIC: [8] Undefined index: title /home/wwwroot/elastic.com/Runtime/Cache/39e10af1a53b7620ca57c85edb1a98f6.php 第 49 行.
NOTIC: [8] Undefined index: coversrc /home/wwwroot/elastic.com/Runtime/Cache/39e10af1a53b7620ca57c85edb1a98f6.php 第 45 行.
NOTIC: [8] Undefined index: title /home/wwwroot/elastic.com/Runtime/Cache/39e10af1a53b7620ca57c85edb1a98f6.php 第 45 行.
NOTIC: [8] Undefined index: title /home/wwwroot/elastic.com/Runtime/Cache/39e10af1a53b7620ca57c85edb1a98f6.php 第 49 行.
NOTIC: [8] Undefined index: coversrc /home/wwwroot/elastic.com/Runtime/Cache/39e10af1a53b7620ca57c85edb1a98f6.php 第 45 行.
NOTIC: [8] Undefined index: title /home/wwwroot/elastic.com/Runtime/Cache/39e10af1a53b7620ca57c85edb1a98f6.php 第 45 行.
NOTIC: [8] Undefined index: title /home/wwwroot/elastic.com/Runtime/Cache/39e10af1a53b7620ca57c85edb1a98f6.php 第 49 行.
NOTIC: [8] Undefined index: coversrc /home/wwwroot/elastic.com/Runtime/Cache/39e10af1a53b7620ca57c85edb1a98f6.php 第 45 行.
NOTIC: [8] Undefined index: title /home/wwwroot/elastic.com/Runtime/Cache/39e10af1a53b7620ca57c85edb1a98f6.php 第 45 行.
NOTIC: [8] Undefined index: title /home/wwwroot/elastic.com/Runtime/Cache/39e10af1a53b7620ca57c85edb1a98f6.php 第 49 行.
NOTIC: [8] Undefined index: coversrc /home/wwwroot/elastic.com/Runtime/Cache/39e10af1a53b7620ca57c85edb1a98f6.php 第 45 行.
NOTIC: [8] Undefined index: title /home/wwwroot/elastic.com/Runtime/Cache/39e10af1a53b7620ca57c85edb1a98f6.php 第 45 行.
NOTIC: [8] Undefined index: title /home/wwwroot/elastic.com/Runtime/Cache/39e10af1a53b7620ca57c85edb1a98f6.php 第 49 行.
NOTIC: [8] Undefined index: coversrc /home/wwwroot/elastic.com/Runtime/Cache/39e10af1a53b7620ca57c85edb1a98f6.php 第 45 行.
NOTIC: [8] Undefined index: title /home/wwwroot/elastic.com/Runtime/Cache/39e10af1a53b7620ca57c85edb1a98f6.php 第 45 行.
NOTIC: [8] Undefined index: title /home/wwwroot/elastic.com/Runtime/Cache/39e10af1a53b7620ca57c85edb1a98f6.php 第 49 行.
INFO: ParseTemplate Behavior ::run [ RunTime:0.005132s ]
INFO: [ view_parse ] --END-- [ RunTime:0.005158s ]
INFO: [ view_filter ] --START--
INFO: ContentReplace Behavior ::run [ RunTime:0.000213s ]
INFO: TokenBuild Behavior ::run [ RunTime:0.000230s ]
INFO: WriteHtmlCache Behavior ::run [ RunTime:0.000210s ]
INFO: ShowRuntime Behavior ::run [ RunTime:0.000296s ]
INFO: [ view_filter ] --END-- [ RunTime:0.001591s ]
INFO: [ view_end ] --START--
INFO: ShowPageTrace Behavior ::run [ RunTime:0.000126s ]
INFO: [ view_end ] --END-- [ RunTime:0.000310s ]

[ 2015-04-22T09:49:56+08:00 ] 10.0.2.2 /index.php?keywords=%E5%88%98%E5%BE%B7%E5%8D%8E
INFO: [ app_begin ] --START--
INFO: ReadHtmlCache Behavior ::run [ RunTime:0.000213s ]
INFO: [ app_begin ] --END-- [ RunTime:0.000311s ]
INFO: [ view_parse ] --START--
NOTIC: [8] Undefined index: title /home/wwwroot/elastic.com/Runtime/Cache/39e10af1a53b7620ca57c85edb1a98f6.php 第 45 行.
NOTIC: [8] Undefined index: title /home/wwwroot/elastic.com/Runtime/Cache/39e10af1a53b7620ca57c85edb1a98f6.php 第 49 行.
NOTIC: [8] Undefined index: title /home/wwwroot/elastic.com/Runtime/Cache/39e10af1a53b7620ca57c85edb1a98f6.php 第 45 行.
NOTIC: [8] Undefined index: title /home/wwwroot/elastic.com/Runtime/Cache/39e10af1a53b7620ca57c85edb1a98f6.php 第 49 行.
NOTIC: [8] Undefined index: title /home/wwwroot/elastic.com/Runtime/Cache/39e10af1a53b7620ca57c85edb1a98f6.php 第 45 行.
NOTIC: [8] Undefined index: title /home/wwwroot/elastic.com/Runtime/Cache/39e10af1a53b7620ca57c85edb1a98f6.php 第 49 行.
NOTIC: [8] Undefined index: title /home/wwwroot/elastic.com/Runtime/Cache/39e10af1a53b7620ca57c85edb1a98f6.php 第 45 行.
NOTIC: [8] Undefined index: title /home/wwwroot/elastic.com/Runtime/Cache/39e10af1a53b7620ca57c85edb1a98f6.php 第 49 行.
NOTIC: [8] Undefined index: title /home/wwwroot/elastic.com/Runtime/Cache/39e10af1a53b7620ca57c85edb1a98f6.php 第 45 行.
NOTIC: [8] Undefined index: title /home/wwwroot/elastic.com/Runtime/Cache/39e10af1a53b7620ca57c85edb1a98f6.php 第 49 行.
NOTIC: [8] Undefined index: title /home/wwwroot/elastic.com/Runtime/Cache/39e10af1a53b7620ca57c85edb1a98f6.php 第 45 行.
NOTIC: [8] Undefined index: title /home/wwwroot/elastic.com/Runtime/Cache/39e10af1a53b7620ca57c85edb1a98f6.php 第 49 行.
NOTIC: [8] Undefined index: title /home/wwwroot/elastic.com/Runtime/Cache/39e10af1a53b7620ca57c85edb1a98f6.php 第 45 行.
NOTIC: [8] Undefined index: title /home/wwwroot/elastic.com/Runtime/Cache/39e10af1a53b7620ca57c85edb1a98f6.php 第 49 行.
NOTIC: [8] Undefined index: title /home/wwwroot/elastic.com/Runtime/Cache/39e10af1a53b7620ca57c85edb1a98f6.php 第 45 行.
NOTIC: [8] Undefined index: title /home/wwwroot/elastic.com/Runtime/Cache/39e10af1a53b7620ca57c85edb1a98f6.php 第 49 行.
NOTIC: [8] Undefined index: title /home/wwwroot/elastic.com/Runtime/Cache/39e10af1a53b7620ca57c85edb1a98f6.php 第 45 行.
NOTIC: [8] Undefined index: title /home/wwwroot/elastic.com/Runtime/Cache/39e10af1a53b7620ca57c85edb1a98f6.php 第 49 行.
NOTIC: [8] Undefined index: title /home/wwwroot/elastic.com/Runtime/Cache/39e10af1a53b7620ca57c85edb1a98f6.php 第 45 行.
NOTIC: [8] Undefined index: title /home/wwwroot/elastic.com/Runtime/Cache/39e10af1a53b7620ca57c85edb1a98f6.php 第 49 行.
INFO: ParseTemplate Behavior ::run [ RunTime:0.005506s ]
INFO: [ view_parse ] --END-- [ RunTime:0.005546s ]
INFO: [ view_filter ] --START--
INFO: ContentReplace Behavior ::run [ RunTime:0.000261s ]
INFO: TokenBuild Behavior ::run [ RunTime:0.000231s ]
INFO: WriteHtmlCache Behavior ::run [ RunTime:0.000187s ]
INFO: ShowRuntime Behavior ::run [ RunTime:0.000312s ]
INFO: [ view_filter ] --END-- [ RunTime:0.001265s ]
INFO: [ view_end ] --START--
INFO: ShowPageTrace Behavior ::run [ RunTime:0.000304s ]
INFO: [ view_end ] --END-- [ RunTime:0.000352s ]

[ 2015-04-22T09:50:21+08:00 ] 10.0.2.2 /index.php?keywords=%E5%88%98%E5%BE%B7%E5%8D%8E
INFO: [ app_begin ] --START--
INFO: ReadHtmlCache Behavior ::run [ RunTime:0.000194s ]
INFO: [ app_begin ] --END-- [ RunTime:0.000245s ]
INFO: [ view_parse ] --START--
INFO: ParseTemplate Behavior ::run [ RunTime:0.004604s ]
INFO: [ view_parse ] --END-- [ RunTime:0.004662s ]
INFO: [ view_filter ] --START--
INFO: ContentReplace Behavior ::run [ RunTime:0.000369s ]
INFO: TokenBuild Behavior ::run [ RunTime:0.000401s ]
INFO: WriteHtmlCache Behavior ::run [ RunTime:0.000202s ]
INFO: ShowRuntime Behavior ::run [ RunTime:0.000275s ]
INFO: [ view_filter ] --END-- [ RunTime:0.001393s ]
INFO: [ view_end ] --START--
INFO: ShowPageTrace Behavior ::run [ RunTime:0.000313s ]
INFO: [ view_end ] --END-- [ RunTime:0.000356s ]

[ 2015-04-22T09:51:04+08:00 ] 10.0.2.2 /index.php?keywords=%E5%88%98%E5%BE%B7%E5%8D%8E
INFO: [ app_begin ] --START--
INFO: ReadHtmlCache Behavior ::run [ RunTime:0.000264s ]
INFO: [ app_begin ] --END-- [ RunTime:0.000375s ]
INFO: [ view_parse ] --START--
INFO: ParseTemplate Behavior ::run [ RunTime:0.004196s ]
INFO: [ view_parse ] --END-- [ RunTime:0.004250s ]
INFO: [ view_filter ] --START--
INFO: ContentReplace Behavior ::run [ RunTime:0.000253s ]
INFO: TokenBuild Behavior ::run [ RunTime:0.000106s ]
INFO: WriteHtmlCache Behavior ::run [ RunTime:0.000190s ]
INFO: ShowRuntime Behavior ::run [ RunTime:0.000257s ]
INFO: [ view_filter ] --END-- [ RunTime:0.000921s ]
INFO: [ view_end ] --START--
INFO: ShowPageTrace Behavior ::run [ RunTime:0.000297s ]
INFO: [ view_end ] --END-- [ RunTime:0.000333s ]

[ 2015-04-22T09:52:14+08:00 ] 10.0.2.2 /index.php?keywords=%E5%88%98%E5%BE%B7%E5%8D%8E
INFO: [ app_begin ] --START--
INFO: ReadHtmlCache Behavior ::run [ RunTime:0.000197s ]
INFO: [ app_begin ] --END-- [ RunTime:0.000259s ]
INFO: [ view_parse ] --START--
INFO: ParseTemplate Behavior ::run [ RunTime:0.004561s ]
INFO: [ view_parse ] --END-- [ RunTime:0.004620s ]
INFO: [ view_filter ] --START--
INFO: ContentReplace Behavior ::run [ RunTime:0.000316s ]
INFO: TokenBuild Behavior ::run [ RunTime:0.000236s ]
INFO: WriteHtmlCache Behavior ::run [ RunTime:0.000202s ]
INFO: ShowRuntime Behavior ::run [ RunTime:0.000275s ]
INFO: [ view_filter ] --END-- [ RunTime:0.001125s ]
INFO: [ view_end ] --START--
INFO: ShowPageTrace Behavior ::run [ RunTime:0.000296s ]
INFO: [ view_end ] --END-- [ RunTime:0.000341s ]

[ 2015-04-22T09:54:18+08:00 ] 10.0.2.2 /index.php?keywords=%E5%88%98%E5%BE%B7%E5%8D%8E
INFO: [ app_begin ] --START--
INFO: ReadHtmlCache Behavior ::run [ RunTime:0.000181s ]
INFO: [ app_begin ] --END-- [ RunTime:0.000239s ]
INFO: [ view_parse ] --START--
INFO: ParseTemplate Behavior ::run [ RunTime:0.004658s ]
INFO: [ view_parse ] --END-- [ RunTime:0.004712s ]
INFO: [ view_filter ] --START--
INFO: ContentReplace Behavior ::run [ RunTime:0.000682s ]
INFO: TokenBuild Behavior ::run [ RunTime:0.000137s ]
INFO: WriteHtmlCache Behavior ::run [ RunTime:0.000185s ]
INFO: ShowRuntime Behavior ::run [ RunTime:0.000259s ]
INFO: [ view_filter ] --END-- [ RunTime:0.001394s ]
INFO: [ view_end ] --START--
INFO: ShowPageTrace Behavior ::run [ RunTime:0.000367s ]
INFO: [ view_end ] --END-- [ RunTime:0.000410s ]

[ 2015-04-22T09:54:33+08:00 ] 10.0.2.2 /index.php?keywords=%E5%88%98%E5%BE%B7%E5%8D%8E
INFO: [ app_begin ] --START--
INFO: ReadHtmlCache Behavior ::run [ RunTime:0.000189s ]
INFO: [ app_begin ] --END-- [ RunTime:0.000243s ]
INFO: [ view_parse ] --START--
INFO: ParseTemplate Behavior ::run [ RunTime:0.005118s ]
INFO: [ view_parse ] --END-- [ RunTime:0.005194s ]
INFO: [ view_filter ] --START--
INFO: ContentReplace Behavior ::run [ RunTime:0.000268s ]
INFO: TokenBuild Behavior ::run [ RunTime:0.000244s ]
INFO: WriteHtmlCache Behavior ::run [ RunTime:0.000197s ]
INFO: ShowRuntime Behavior ::run [ RunTime:0.000314s ]
INFO: [ view_filter ] --END-- [ RunTime:0.001133s ]
INFO: [ view_end ] --START--
INFO: ShowPageTrace Behavior ::run [ RunTime:0.000311s ]
INFO: [ view_end ] --END-- [ RunTime:0.000361s ]

[ 2015-04-22T09:55:11+08:00 ] 10.0.2.2 /index.php?keywords=%E5%88%98%E5%BE%B7%E5%8D%8E
INFO: [ app_begin ] --START--
INFO: ReadHtmlCache Behavior ::run [ RunTime:0.000213s ]
INFO: [ app_begin ] --END-- [ RunTime:0.000266s ]
INFO: [ view_parse ] --START--
INFO: ParseTemplate Behavior ::run [ RunTime:0.004244s ]
INFO: [ view_parse ] --END-- [ RunTime:0.004296s ]
INFO: [ view_filter ] --START--
INFO: ContentReplace Behavior ::run [ RunTime:0.000460s ]
INFO: TokenBuild Behavior ::run [ RunTime:0.000210s ]
INFO: WriteHtmlCache Behavior ::run [ RunTime:0.000183s ]
INFO: ShowRuntime Behavior ::run [ RunTime:0.000249s ]
INFO: [ view_filter ] --END-- [ RunTime:0.001235s ]
INFO: [ view_end ] --START--
INFO: ShowPageTrace Behavior ::run [ RunTime:0.000299s ]
INFO: [ view_end ] --END-- [ RunTime:0.000341s ]

[ 2015-04-22T09:55:22+08:00 ] 10.0.2.2 /index.php?keywords=%E5%88%98%E5%BE%B7%E5%8D%8E
INFO: [ app_begin ] --START--
INFO: ReadHtmlCache Behavior ::run [ RunTime:0.000192s ]
INFO: [ app_begin ] --END-- [ RunTime:0.000243s ]
INFO: [ view_parse ] --START--
INFO: ParseTemplate Behavior ::run [ RunTime:0.004631s ]
INFO: [ view_parse ] --END-- [ RunTime:0.004699s ]
INFO: [ view_filter ] --START--
INFO: ContentReplace Behavior ::run [ RunTime:0.000276s ]
INFO: TokenBuild Behavior ::run [ RunTime:0.000975s ]
INFO: WriteHtmlCache Behavior ::run [ RunTime:0.000139s ]
INFO: ShowRuntime Behavior ::run [ RunTime:0.000285s ]
INFO: [ view_filter ] --END-- [ RunTime:0.001792s ]
INFO: [ view_end ] --START--
INFO: ShowPageTrace Behavior ::run [ RunTime:0.000312s ]
INFO: [ view_end ] --END-- [ RunTime:0.000355s ]

[ 2015-04-22T09:55:28+08:00 ] 10.0.2.2 /index.php?keywords=%E5%88%98%E5%BE%B7%E5%8D%8E
INFO: [ app_begin ] --START--
INFO: ReadHtmlCache Behavior ::run [ RunTime:0.000201s ]
INFO: [ app_begin ] --END-- [ RunTime:0.000284s ]
INFO: [ view_parse ] --START--
INFO: ParseTemplate Behavior ::run [ RunTime:0.004791s ]
INFO: [ view_parse ] --END-- [ RunTime:0.004836s ]
INFO: [ view_filter ] --START--
INFO: ContentReplace Behavior ::run [ RunTime:0.000266s ]
INFO: TokenBuild Behavior ::run [ RunTime:0.000244s ]
INFO: WriteHtmlCache Behavior ::run [ RunTime:0.000198s ]
INFO: ShowRuntime Behavior ::run [ RunTime:0.000299s ]
INFO: [ view_filter ] --END-- [ RunTime:0.001109s ]
INFO: [ view_end ] --START--
INFO: ShowPageTrace Behavior ::run [ RunTime:0.000394s ]
INFO: [ view_end ] --END-- [ RunTime:0.000464s ]

[ 2015-04-22T09:56:50+08:00 ] 10.0.2.2 /index.php?keywords=%E5%88%98%E5%BE%B7%E5%8D%8E
INFO: [ app_begin ] --START--
INFO: ReadHtmlCache Behavior ::run [ RunTime:0.000236s ]
INFO: [ app_begin ] --END-- [ RunTime:0.000297s ]
INFO: [ view_parse ] --START--
INFO: ParseTemplate Behavior ::run [ RunTime:0.005121s ]
INFO: [ view_parse ] --END-- [ RunTime:0.005186s ]
INFO: [ view_filter ] --START--
INFO: ContentReplace Behavior ::run [ RunTime:0.000346s ]
INFO: TokenBuild Behavior ::run [ RunTime:0.000263s ]
INFO: WriteHtmlCache Behavior ::run [ RunTime:0.000215s ]
INFO: ShowRuntime Behavior ::run [ RunTime:0.000276s ]
INFO: [ view_filter ] --END-- [ RunTime:0.001205s ]
INFO: [ view_end ] --START--
INFO: ShowPageTrace Behavior ::run [ RunTime:0.000360s ]
INFO: [ view_end ] --END-- [ RunTime:0.000404s ]

[ 2015-04-22T09:58:14+08:00 ] 10.0.2.2 /index.php?keywords=%E5%88%98%E5%BE%B7%E5%8D%8E
INFO: [ app_begin ] --START--
INFO: ReadHtmlCache Behavior ::run [ RunTime:0.000231s ]
INFO: [ app_begin ] --END-- [ RunTime:0.000281s ]
INFO: [ view_parse ] --START--
INFO: ParseTemplate Behavior ::run [ RunTime:0.005174s ]
INFO: [ view_parse ] --END-- [ RunTime:0.005204s ]
INFO: [ view_filter ] --START--
INFO: ContentReplace Behavior ::run [ RunTime:0.000000s ]
INFO: TokenBuild Behavior ::run [ RunTime:0.000252s ]
INFO: WriteHtmlCache Behavior ::run [ RunTime:0.000200s ]
INFO: ShowRuntime Behavior ::run [ RunTime:0.000340s ]
INFO: [ view_filter ] --END-- [ RunTime:0.001243s ]
INFO: [ view_end ] --START--
INFO: ShowPageTrace Behavior ::run [ RunTime:0.000237s ]
INFO: [ view_end ] --END-- [ RunTime:0.000442s ]

[ 2015-04-22T09:58:35+08:00 ] 10.0.2.2 /index.php?keywords=%E5%88%98%E5%BE%B7%E5%8D%8E
INFO: [ app_begin ] --START--
INFO: ReadHtmlCache Behavior ::run [ RunTime:0.000188s ]
INFO: [ app_begin ] --END-- [ RunTime:0.000249s ]
INFO: [ view_parse ] --START--
INFO: ParseTemplate Behavior ::run [ RunTime:0.004948s ]
INFO: [ view_parse ] --END-- [ RunTime:0.005007s ]
INFO: [ view_filter ] --START--
INFO: ContentReplace Behavior ::run [ RunTime:0.000247s ]
INFO: TokenBuild Behavior ::run [ RunTime:0.000226s ]
INFO: WriteHtmlCache Behavior ::run [ RunTime:0.000091s ]
INFO: ShowRuntime Behavior ::run [ RunTime:0.000258s ]
INFO: [ view_filter ] --END-- [ RunTime:0.000953s ]
INFO: [ view_end ] --START--
INFO: ShowPageTrace Behavior ::run [ RunTime:0.000768s ]
INFO: [ view_end ] --END-- [ RunTime:0.000936s ]

[ 2015-04-22T09:58:55+08:00 ] 10.0.2.2 /index.php?keywords=home
INFO: [ app_begin ] --START--
INFO: ReadHtmlCache Behavior ::run [ RunTime:0.000150s ]
INFO: [ app_begin ] --END-- [ RunTime:0.000182s ]
INFO: [ view_parse ] --START--
INFO: ParseTemplate Behavior ::run [ RunTime:0.004345s ]
INFO: [ view_parse ] --END-- [ RunTime:0.004381s ]
INFO: [ view_filter ] --START--
INFO: ContentReplace Behavior ::run [ RunTime:0.000253s ]
INFO: TokenBuild Behavior ::run [ RunTime:0.000768s ]
INFO: WriteHtmlCache Behavior ::run [ RunTime:0.000235s ]
INFO: ShowRuntime Behavior ::run [ RunTime:0.000204s ]
INFO: [ view_filter ] --END-- [ RunTime:0.001605s ]
INFO: [ view_end ] --START--
INFO: ShowPageTrace Behavior ::run [ RunTime:0.000313s ]
INFO: [ view_end ] --END-- [ RunTime:0.000356s ]

[ 2015-04-22T09:59:47+08:00 ] 10.0.2.2 /index.php?keywords=home
INFO: [ app_begin ] --START--
INFO: ReadHtmlCache Behavior ::run [ RunTime:0.000195s ]
INFO: [ app_begin ] --END-- [ RunTime:0.000250s ]
INFO: [ view_parse ] --START--
INFO: ParseTemplate Behavior ::run [ RunTime:0.004999s ]
INFO: [ view_parse ] --END-- [ RunTime:0.005093s ]
INFO: [ view_filter ] --START--
INFO: ContentReplace Behavior ::run [ RunTime:0.000258s ]
INFO: TokenBuild Behavior ::run [ RunTime:0.000232s ]
INFO: WriteHtmlCache Behavior ::run [ RunTime:0.000258s ]
INFO: ShowRuntime Behavior ::run [ RunTime:0.000255s ]
INFO: [ view_filter ] --END-- [ RunTime:0.001113s ]
INFO: [ view_end ] --START--
INFO: ShowPageTrace Behavior ::run [ RunTime:0.000302s ]
INFO: [ view_end ] --END-- [ RunTime:0.000324s ]

[ 2015-04-22T10:00:01+08:00 ] 10.0.2.2 /index.php?keywords=%E7%88%B1%E6%83%85
INFO: [ app_begin ] --START--
INFO: ReadHtmlCache Behavior ::run [ RunTime:0.000230s ]
INFO: [ app_begin ] --END-- [ RunTime:0.000288s ]
INFO: [ view_parse ] --START--
INFO: ParseTemplate Behavior ::run [ RunTime:0.004493s ]
INFO: [ view_parse ] --END-- [ RunTime:0.004545s ]
INFO: [ view_filter ] --START--
INFO: ContentReplace Behavior ::run [ RunTime:0.000240s ]
INFO: TokenBuild Behavior ::run [ RunTime:0.000296s ]
INFO: WriteHtmlCache Behavior ::run [ RunTime:0.000207s ]
INFO: ShowRuntime Behavior ::run [ RunTime:0.000020s ]
INFO: [ view_filter ] --END-- [ RunTime:0.000887s ]
INFO: [ view_end ] --START--
INFO: ShowPageTrace Behavior ::run [ RunTime:0.000343s ]
INFO: [ view_end ] --END-- [ RunTime:0.000406s ]

[ 2015-04-22T10:01:24+08:00 ] 10.0.2.2 /index.php?keywords=blues
INFO: [ app_begin ] --START--
INFO: ReadHtmlCache Behavior ::run [ RunTime:0.000240s ]
INFO: [ app_begin ] --END-- [ RunTime:0.000292s ]
INFO: [ view_parse ] --START--
INFO: ParseTemplate Behavior ::run [ RunTime:0.004537s ]
INFO: [ view_parse ] --END-- [ RunTime:0.004598s ]
INFO: [ view_filter ] --START--
INFO: ContentReplace Behavior ::run [ RunTime:0.000306s ]
INFO: TokenBuild Behavior ::run [ RunTime:0.000236s ]
INFO: WriteHtmlCache Behavior ::run [ RunTime:0.000191s ]
INFO: ShowRuntime Behavior ::run [ RunTime:0.000260s ]
INFO: [ view_filter ] --END-- [ RunTime:0.001095s ]
INFO: [ view_end ] --START--
INFO: ShowPageTrace Behavior ::run [ RunTime:0.000301s ]
INFO: [ view_end ] --END-- [ RunTime:0.000336s ]

[ 2015-04-22T10:04:43+08:00 ] 10.0.2.2 /index.php?keywords=dai
INFO: [ app_begin ] --START--
INFO: ReadHtmlCache Behavior ::run [ RunTime:0.000190s ]
INFO: [ app_begin ] --END-- [ RunTime:0.000253s ]
INFO: [ view_parse ] --START--
INFO: ParseTemplate Behavior ::run [ RunTime:0.004528s ]
INFO: [ view_parse ] --END-- [ RunTime:0.004609s ]
INFO: [ view_filter ] --START--
INFO: ContentReplace Behavior ::run [ RunTime:0.000279s ]
INFO: TokenBuild Behavior ::run [ RunTime:0.000250s ]
INFO: WriteHtmlCache Behavior ::run [ RunTime:0.000202s ]
INFO: ShowRuntime Behavior ::run [ RunTime:0.000881s ]
INFO: [ view_filter ] --END-- [ RunTime:0.001967s ]
INFO: [ view_end ] --START--
INFO: ShowPageTrace Behavior ::run [ RunTime:0.000345s ]
INFO: [ view_end ] --END-- [ RunTime:0.000396s ]

[ 2015-04-22T10:04:59+08:00 ] 10.0.2.2 /index.php?keywords=da
INFO: [ app_begin ] --START--
INFO: ReadHtmlCache Behavior ::run [ RunTime:0.000503s ]
INFO: [ app_begin ] --END-- [ RunTime:0.000635s ]
INFO: [ view_parse ] --START--
INFO: ParseTemplate Behavior ::run [ RunTime:0.004466s ]
INFO: [ view_parse ] --END-- [ RunTime:0.004524s ]
INFO: [ view_filter ] --START--
INFO: ContentReplace Behavior ::run [ RunTime:0.000269s ]
INFO: TokenBuild Behavior ::run [ RunTime:0.000171s ]
INFO: WriteHtmlCache Behavior ::run [ RunTime:0.000000s ]
INFO: ShowRuntime Behavior ::run [ RunTime:0.000591s ]
INFO: [ view_filter ] --END-- [ RunTime:0.001110s ]
INFO: [ view_end ] --START--
INFO: ShowPageTrace Behavior ::run [ RunTime:0.000315s ]
INFO: [ view_end ] --END-- [ RunTime:0.000353s ]

[ 2015-04-22T10:05:09+08:00 ] 10.0.2.2 /index.php?keywords=%E7%8E%8B%E8%8F%B2
INFO: [ app_begin ] --START--
INFO: ReadHtmlCache Behavior ::run [ RunTime:0.000225s ]
INFO: [ app_begin ] --END-- [ RunTime:0.000277s ]
INFO: [ view_parse ] --START--
INFO: ParseTemplate Behavior ::run [ RunTime:0.004947s ]
INFO: [ view_parse ] --END-- [ RunTime:0.005025s ]
INFO: [ view_filter ] --START--
INFO: ContentReplace Behavior ::run [ RunTime:0.000293s ]
INFO: TokenBuild Behavior ::run [ RunTime:0.000251s ]
INFO: WriteHtmlCache Behavior ::run [ RunTime:0.000200s ]
INFO: ShowRuntime Behavior ::run [ RunTime:0.000324s ]
INFO: [ view_filter ] --END-- [ RunTime:0.001178s ]
INFO: [ view_end ] --START--
INFO: ShowPageTrace Behavior ::run [ RunTime:0.000314s ]
INFO: [ view_end ] --END-- [ RunTime:0.000352s ]

[ 2015-04-22T10:31:00+08:00 ] 10.0.2.2 /index.php?keywords=%E7%8E%8B%E8%8F%B2
INFO: [ app_begin ] --START--
INFO: ReadHtmlCache Behavior ::run [ RunTime:0.000194s ]
INFO: [ app_begin ] --END-- [ RunTime:0.000244s ]
INFO: [ view_parse ] --START--
INFO: ParseTemplate Behavior ::run [ RunTime:0.004498s ]
INFO: [ view_parse ] --END-- [ RunTime:0.004554s ]
INFO: [ view_filter ] --START--
INFO: ContentReplace Behavior ::run [ RunTime:0.000256s ]
INFO: TokenBuild Behavior ::run [ RunTime:0.000231s ]
INFO: WriteHtmlCache Behavior ::run [ RunTime:0.000187s ]
INFO: ShowRuntime Behavior ::run [ RunTime:0.000315s ]
INFO: [ view_filter ] --END-- [ RunTime:0.001085s ]
INFO: [ view_end ] --START--
INFO: ShowPageTrace Behavior ::run [ RunTime:0.000138s ]
INFO: [ view_end ] --END-- [ RunTime:0.000154s ]

[ 2015-04-22T12:04:44+08:00 ] 10.0.2.2 /index.php?m=Dump&a=genre
INFO: [ app_begin ] --START--
INFO: ReadHtmlCache Behavior ::run [ RunTime:0.000182s ]
INFO: [ app_begin ] --END-- [ RunTime:0.000253s ]
NOTIC: [2048] Declaration of DumpAction::theme() should be compatible with that of Action::theme() /home/wwwroot/elastic.com/Lib/Action/DumpAction.class.php 第 0 行.
NOTIC: [8] Undefined index: db_dsn /home/wwwroot/elastic.com/ThinkPHP/Lib/Core/Db.class.php 第 130 行.
NOTIC: [8] Undefined index: db_params /home/wwwroot/elastic.com/ThinkPHP/Lib/Core/Db.class.php 第 131 行.
SQL: SHOW COLUMNS FROM `box_genre` [ RunTime:0.190844s ]
SQL: SELECT `id` AS `typeid`,`name` AS `title`,`coversrc`,`similar_status` FROM `box_genre` WHERE ( `status` = 1 ) ORDER BY id asc  [ RunTime:0.060547s ]

[ 2015-04-22T13:16:24+08:00 ] 10.0.2.2 /index.php?m=Dump&a=genre
INFO: [ app_begin ] --START--
INFO: ReadHtmlCache Behavior ::run [ RunTime:0.000000s ]
INFO: [ app_begin ] --END-- [ RunTime:0.000006s ]
NOTIC: [2048] Declaration of DumpAction::theme() should be compatible with that of Action::theme() /home/wwwroot/elastic.com/Lib/Action/DumpAction.class.php 第 0 行.
NOTIC: [8] Undefined index: db_dsn /home/wwwroot/elastic.com/ThinkPHP/Lib/Core/Db.class.php 第 130 行.
NOTIC: [8] Undefined index: db_params /home/wwwroot/elastic.com/ThinkPHP/Lib/Core/Db.class.php 第 131 行.
SQL: SHOW COLUMNS FROM `box_genre` [ RunTime:0.026892s ]
SQL: SELECT `id` AS `typeid`,`name` AS `title`,`coversrc`,`similarStatus` FROM `box_genre` WHERE ( `status` = 1 ) ORDER BY id asc  [ RunTime:0.104606s ]

[ 2015-04-22T13:16:53+08:00 ] 10.0.2.2 /index.php?m=Dump&a=mood
INFO: [ app_begin ] --START--
INFO: ReadHtmlCache Behavior ::run [ RunTime:0.000143s ]
INFO: [ app_begin ] --END-- [ RunTime:0.000198s ]
NOTIC: [2048] Declaration of DumpAction::theme() should be compatible with that of Action::theme() /home/wwwroot/elastic.com/Lib/Action/DumpAction.class.php 第 0 行.
NOTIC: [8] Undefined index: db_dsn /home/wwwroot/elastic.com/ThinkPHP/Lib/Core/Db.class.php 第 130 行.
NOTIC: [8] Undefined index: db_params /home/wwwroot/elastic.com/ThinkPHP/Lib/Core/Db.class.php 第 131 行.
SQL: SHOW COLUMNS FROM `box_mood` [ RunTime:0.027917s ]
SQL: SELECT `id` AS `typeid`,`name` AS `title`,`coversrc`,`similarStatus` FROM `box_mood` WHERE ( `status` = 1 ) ORDER BY id asc  [ RunTime:0.079377s ]

[ 2015-04-22T13:17:25+08:00 ] 10.0.2.2 /index.php?m=Dump&a=style
INFO: [ app_begin ] --START--
INFO: ReadHtmlCache Behavior ::run [ RunTime:0.000192s ]
INFO: [ app_begin ] --END-- [ RunTime:0.000244s ]
NOTIC: [2048] Declaration of DumpAction::theme() should be compatible with that of Action::theme() /home/wwwroot/elastic.com/Lib/Action/DumpAction.class.php 第 0 行.
NOTIC: [8] Undefined index: db_dsn /home/wwwroot/elastic.com/ThinkPHP/Lib/Core/Db.class.php 第 130 行.
NOTIC: [8] Undefined index: db_params /home/wwwroot/elastic.com/ThinkPHP/Lib/Core/Db.class.php 第 131 行.
SQL: SHOW COLUMNS FROM `box_style` [ RunTime:0.028921s ]
SQL: SELECT `id` AS `typeid`,`name` AS `title`,`coversrc`,`similarStatus` FROM `box_style` WHERE ( `status` = 1 ) ORDER BY id asc  [ RunTime:0.125949s ]

[ 2015-04-22T13:18:15+08:00 ] 10.0.2.2 /index.php?m=Dump&a=theme
INFO: [ app_begin ] --START--
INFO: ReadHtmlCache Behavior ::run [ RunTime:0.000185s ]
INFO: [ app_begin ] --END-- [ RunTime:0.000237s ]
NOTIC: [2048] Declaration of DumpAction::theme() should be compatible with that of Action::theme() /home/wwwroot/elastic.com/Lib/Action/DumpAction.class.php 第 0 行.
NOTIC: [8] Undefined index: db_dsn /home/wwwroot/elastic.com/ThinkPHP/Lib/Core/Db.class.php 第 130 行.
NOTIC: [8] Undefined index: db_params /home/wwwroot/elastic.com/ThinkPHP/Lib/Core/Db.class.php 第 131 行.
SQL: SHOW COLUMNS FROM `box_theme` [ RunTime:0.033292s ]
SQL: SELECT `id` AS `typeid`,`name` AS `title`,`coversrc`,`similarStatus` FROM `box_theme` WHERE ( `status` = 0 ) ORDER BY id asc  [ RunTime:0.066924s ]

[ 2015-04-22T14:11:27+08:00 ] 10.0.2.2 /index.php?m=Dump&a=singer&minid=1&maxid=94398&filenum=1
INFO: [ app_begin ] --START--
INFO: ReadHtmlCache Behavior ::run [ RunTime:0.000202s ]
INFO: [ app_begin ] --END-- [ RunTime:0.000264s ]
NOTIC: [2048] Declaration of DumpAction::theme() should be compatible with that of Action::theme() /home/wwwroot/elastic.com/Lib/Action/DumpAction.class.php 第 0 行.
NOTIC: [8] Undefined index: db_dsn /home/wwwroot/elastic.com/ThinkPHP/Lib/Core/Db.class.php 第 130 行.
NOTIC: [8] Undefined index: db_params /home/wwwroot/elastic.com/ThinkPHP/Lib/Core/Db.class.php 第 131 行.
SQL: SHOW COLUMNS FROM `music_singer` [ RunTime:0.069355s ]
SQL: SELECT `id` AS `typeid`,`name` AS `title`,`similar_status`,`coversrc` FROM `music_singer` WHERE ( `status` <> 8 ) AND ( `songid` <> '' ) AND ( `id` <= '94398' ) ORDER BY id asc  [ RunTime:30.410554s ]

[ 2015-04-22T14:18:34+08:00 ] 10.0.2.2 /index.php?m=Dump&a=singer&minid=1&maxid=192171&filenum=1
INFO: [ app_begin ] --START--
INFO: ReadHtmlCache Behavior ::run [ RunTime:0.000245s ]
INFO: [ app_begin ] --END-- [ RunTime:0.000297s ]
NOTIC: [2048] Declaration of DumpAction::theme() should be compatible with that of Action::theme() /home/wwwroot/elastic.com/Lib/Action/DumpAction.class.php 第 0 行.
NOTIC: [8] Undefined index: db_dsn /home/wwwroot/elastic.com/ThinkPHP/Lib/Core/Db.class.php 第 130 行.
NOTIC: [8] Undefined index: db_params /home/wwwroot/elastic.com/ThinkPHP/Lib/Core/Db.class.php 第 131 行.
SQL: SHOW COLUMNS FROM `music_singer_clear` [ RunTime:0.036015s ]
SQL: SELECT `id` AS `typeid`,`name` AS `title`,`similarStatus`,`coversrc` FROM `music_singer_clear` WHERE ( `id` <= '192171' ) ORDER BY id asc  [ RunTime:47.544378s ]

