[ 2015-04-27T10:14:46+08:00 ] 10.0.2.2 /
INFO: [ app_begin ] --START--
INFO: ReadHtmlCache Behavior ::run [ RunTime:0.003449s ]
INFO: [ app_begin ] --END-- [ RunTime:0.004119s ]
INFO: [ view_parse ] --START--
INFO: ParseTemplate Behavior ::run [ RunTime:0.054044s ]
INFO: [ view_parse ] --END-- [ RunTime:0.054114s ]
INFO: [ view_filter ] --START--
INFO: ContentReplace Behavior ::run [ RunTime:0.010615s ]
INFO: TokenBuild Behavior ::run [ RunTime:0.001016s ]
INFO: WriteHtmlCache Behavior ::run [ RunTime:0.000768s ]
INFO: ShowRuntime Behavior ::run [ RunTime:0.007398s ]
INFO: [ view_filter ] --END-- [ RunTime:0.019957s ]
INFO: [ view_end ] --START--
INFO: ShowPageTrace Behavior ::run [ RunTime:0.008042s ]
INFO: [ view_end ] --END-- [ RunTime:0.008105s ]

[ 2015-04-27T10:25:50+08:00 ] 10.0.2.2 /index.php?m=Dump&a=singer&minid=1&maxid=94398&filenum=1
INFO: [ app_begin ] --START--
INFO: ReadHtmlCache Behavior ::run [ RunTime:0.000317s ]
INFO: [ app_begin ] --END-- [ RunTime:0.000407s ]
ERR: 无法加载模块:Dump

[ 2015-04-27T10:25:54+08:00 ] 10.0.2.2 /
INFO: [ app_begin ] --START--
INFO: ReadHtmlCache Behavior ::run [ RunTime:0.000271s ]
INFO: [ app_begin ] --END-- [ RunTime:0.000326s ]
INFO: [ view_parse ] --START--
INFO: ParseTemplate Behavior ::run [ RunTime:0.003654s ]
INFO: [ view_parse ] --END-- [ RunTime:0.003671s ]
INFO: [ view_filter ] --START--
INFO: ContentReplace Behavior ::run [ RunTime:0.000034s ]
INFO: TokenBuild Behavior ::run [ RunTime:0.000544s ]
INFO: WriteHtmlCache Behavior ::run [ RunTime:0.000206s ]
INFO: ShowRuntime Behavior ::run [ RunTime:0.000381s ]
INFO: [ view_filter ] --END-- [ RunTime:0.001271s ]
INFO: [ view_end ] --START--
INFO: ShowPageTrace Behavior ::run [ RunTime:0.000315s ]
INFO: [ view_end ] --END-- [ RunTime:0.000492s ]

[ 2015-04-27T10:27:05+08:00 ] 10.0.2.2 /?index.php&m=Index&a=singer
INFO: [ app_begin ] --START--
INFO: ReadHtmlCache Behavior ::run [ RunTime:0.000273s ]
INFO: [ app_begin ] --END-- [ RunTime:0.000330s ]

[ 2015-04-27T10:27:18+08:00 ] 10.0.2.2 /?index.php&m=Index&a=singer
INFO: [ app_begin ] --START--
INFO: ReadHtmlCache Behavior ::run [ RunTime:0.000153s ]
INFO: [ app_begin ] --END-- [ RunTime:0.000239s ]
INFO: [ view_parse ] --START--
INFO: ParseTemplate Behavior ::run [ RunTime:0.043912s ]
INFO: [ view_parse ] --END-- [ RunTime:0.043945s ]
INFO: [ view_filter ] --START--
INFO: ContentReplace Behavior ::run [ RunTime:0.000074s ]
INFO: TokenBuild Behavior ::run [ RunTime:0.000097s ]
INFO: WriteHtmlCache Behavior ::run [ RunTime:0.000191s ]
INFO: ShowRuntime Behavior ::run [ RunTime:0.000264s ]
INFO: [ view_filter ] --END-- [ RunTime:0.000701s ]
INFO: [ view_end ] --START--
INFO: ShowPageTrace Behavior ::run [ RunTime:0.000275s ]
INFO: [ view_end ] --END-- [ RunTime:0.000315s ]

[ 2015-04-27T10:33:17+08:00 ] 10.0.2.2 /?index.php&m=Index&a=singer
INFO: [ app_begin ] --START--
INFO: ReadHtmlCache Behavior ::run [ RunTime:0.000255s ]
INFO: [ app_begin ] --END-- [ RunTime:0.000305s ]
NOTIC: [8] Undefined index: keywords /home/wwwroot/elastic.com/Lib/Action/IndexAction.class.php 第 12 行.
INFO: [ view_parse ] --START--
INFO: ParseTemplate Behavior ::run [ RunTime:0.004294s ]
INFO: [ view_parse ] --END-- [ RunTime:0.004353s ]
INFO: [ view_filter ] --START--
INFO: ContentReplace Behavior ::run [ RunTime:0.000249s ]
INFO: TokenBuild Behavior ::run [ RunTime:0.000225s ]
INFO: WriteHtmlCache Behavior ::run [ RunTime:0.000232s ]
INFO: ShowRuntime Behavior ::run [ RunTime:0.000260s ]
INFO: [ view_filter ] --END-- [ RunTime:0.001068s ]
INFO: [ view_end ] --START--
INFO: ShowPageTrace Behavior ::run [ RunTime:0.000296s ]
INFO: [ view_end ] --END-- [ RunTime:0.000331s ]

[ 2015-04-27T10:34:12+08:00 ] 10.0.2.2 /
INFO: [ app_begin ] --START--
INFO: ReadHtmlCache Behavior ::run [ RunTime:0.000259s ]
INFO: [ app_begin ] --END-- [ RunTime:0.000308s ]
INFO: [ view_parse ] --START--
INFO: ParseTemplate Behavior ::run [ RunTime:0.003168s ]
INFO: [ view_parse ] --END-- [ RunTime:0.003207s ]
INFO: [ view_filter ] --START--
INFO: ContentReplace Behavior ::run [ RunTime:0.000229s ]
INFO: TokenBuild Behavior ::run [ RunTime:0.000223s ]
INFO: WriteHtmlCache Behavior ::run [ RunTime:0.000227s ]
INFO: ShowRuntime Behavior ::run [ RunTime:0.000254s ]
INFO: [ view_filter ] --END-- [ RunTime:0.001029s ]
INFO: [ view_end ] --START--
INFO: ShowPageTrace Behavior ::run [ RunTime:0.000286s ]
INFO: [ view_end ] --END-- [ RunTime:0.000320s ]

